<?xml version="1.0" encoding="UTF-8"?>
<!-- Generated by org.testng.reporters.JUnitXMLReporter -->
<testsuite ignored="4" hostname="LAPTOP-2MVUU57T" failures="0" tests="4" name="Test(failed)" time="138.807" errors="0" timestamp="01 Nov 2025 17:56:35 GMT">
  <testcase classname="com.webcrm.Integration.Test.Integration_Tests" name="organizationDeleteSupportTicketLink" time="22.553"/>
  <testcase classname="com.webcrm.Integration.Test.Integration_Tests" name="organizationOpportunityLink" time="14.437"/>
  <testcase classname="com.webcrm.System.Test.System_Tests" name="createAndEditActivityTest" time="14.288"/>
  <testcase classname="com.webcrm.System.Test.System_Tests" name="createAndDeleteOrganizationTest" time="33.069"/>
  <testcase classname="com.webcrm.Integration.Test.Integration_Tests" name="activitySupportLink" time="0.0">
    <ignored/>
  </testcase> <!-- activitySupportLink -->
  <testcase classname="com.webcrm.basetest.BaseClass" name="@BeforeSuite configBS" time="0.0">
    <ignored/>
  </testcase> <!-- @BeforeSuite configBS -->
  <testcase classname="com.webcrm.System.Test.System_Tests" name="createAndDeleteOpportunityTest" time="0.0">
    <ignored/>
  </testcase> <!-- createAndDeleteOpportunityTest -->
  <testcase classname="com.webcrm.basetest.BaseClass" name="@AfterSuite configAS" time="0.0">
    <ignored/>
  </testcase> <!-- @AfterSuite configAS -->
</testsuite> <!-- Test(failed) -->
