<?xml version="1.0" encoding="UTF-8"?>
<!-- Generated by org.testng.reporters.JUnitXMLReporter -->
<testsuite ignored="0" hostname="LAPTOP-2MVUU57T" failures="0" tests="3" name="Default test" time="175.463" errors="0" timestamp="02 Nov 2025 14:49:34 GMT">
  <testcase classname="com.webcrm.System.Test.System_Tests" name="createAndDeleteOpportunityTest" time="25.637"/>
  <testcase classname="com.webcrm.System.Test.System_Tests" name="createAndDeleteOrganizationTest" time="109.511"/>
  <testcase classname="com.webcrm.System.Test.System_Tests" name="createAndEditActivityTest" time="16.219"/>
</testsuite> <!-- Default test -->
