<?xml version="1.0" encoding="UTF-8"?>
<!-- Generated by org.testng.reporters.JUnitXMLReporter -->
<testsuite ignored="0" hostname="LAPTOP-2MVUU57T" failures="0" tests="3" name="Test1" time="106.232" errors="0" timestamp="01 Nov 2025 15:07:19 GMT">
  <testcase classname="com.webcrm.Smoke.Test.Smoke_Tests" name="createOrganisationTest" time="6.148"/>
  <testcase classname="com.webcrm.Smoke.Test.Smoke_Tests" name="createSupportTicketWithExistingOrganizationTest" time="15.501"/>
  <testcase classname="com.webcrm.Smoke.Test.Smoke_Tests" name="deleteOrganisationTest" time="37.033"/>
</testsuite> <!-- Test1 -->
