<?xml version="1.0" encoding="UTF-8"?>
<!-- Generated by org.testng.reporters.JUnitXMLReporter -->
<testsuite ignored="0" hostname="LAPTOP-2MVUU57T" failures="0" tests="3" name="TestRunner-Edge" time="140.031" errors="0" timestamp="29 Oct 2025 09:36:35 GMT">
  <testcase classname="com.webcrm.Smoke.Test.Smoke_Tests" name="createOrganisationTest" time="11.133"/>
  <testcase classname="com.webcrm.Smoke.Test.Smoke_Tests" name="createSupportTicketWithExistingOrganizationTest" time="39.607"/>
  <testcase classname="com.webcrm.Smoke.Test.Smoke_Tests" name="deleteOrganisationTest" time="37.037"/>
</testsuite> <!-- TestRunner-Edge -->
