<?xml version="1.0" encoding="UTF-8"?>
<!-- Generated by org.testng.reporters.JUnitXMLReporter -->
<testsuite ignored="4" hostname="LAPTOP-2MVUU57T" failures="0" tests="9" name="Test" time="426.627" errors="0" timestamp="03 Nov 2025 05:02:43 GMT">
  <testcase classname="com.webcrm.System.Test.System_Tests" name="createAndDeleteOpportunityTest" time="22.26"/>
  <testcase classname="com.webcrm.System.Test.System_Tests" name="createAndDeleteOrganizationTest" time="113.749"/>
  <testcase classname="com.webcrm.System.Test.System_Tests" name="createAndEditActivityTest" time="17.511"/>
  <testcase classname="com.webcrm.Integration.Test.Integration_Tests" name="activitySupportLink" time="21.794"/>
  <testcase classname="com.webcrm.Integration.Test.Integration_Tests" name="organizationDeleteSupportTicketLink" time="20.19"/>
  <testcase classname="com.webcrm.Integration.Test.Integration_Tests" name="organizationOpportunityLink" time="12.928"/>
  <testcase classname="com.webcrm.Smoke.Test.Smoke_Tests" name="createOrganisationTest" time="3.73"/>
  <testcase classname="com.webcrm.Smoke.Test.Smoke_Tests" name="createSupportTicketWithExistingOrganizationTest" time="11.281"/>
  <testcase classname="com.webcrm.Smoke.Test.Smoke_Tests" name="deleteOrganisationTest" time="116.082"/>
  <testcase classname="com.webcrm.basetest.BaseClass" name="@BeforeSuite configBS" time="0.0">
    <ignored/>
  </testcase> <!-- @BeforeSuite configBS -->
  <testcase classname="com.webcrm.basetest.BaseClass" name="@BeforeSuite configBS" time="0.0">
    <ignored/>
  </testcase> <!-- @BeforeSuite configBS -->
  <testcase classname="com.webcrm.basetest.BaseClass" name="@AfterSuite configAS" time="0.0">
    <ignored/>
  </testcase> <!-- @AfterSuite configAS -->
  <testcase classname="com.webcrm.basetest.BaseClass" name="@AfterSuite configAS" time="0.0">
    <ignored/>
  </testcase> <!-- @AfterSuite configAS -->
</testsuite> <!-- Test -->
