<?xml version="1.0" encoding="UTF-8"?>
<!-- Generated by org.testng.reporters.JUnitReportReporter -->
<testsuite hostname="LAPTOP-2MVUU57T" failures="0" tests="3" name="com.webcrm.System.Test.System_Tests" time="180.795" errors="0" timestamp="03 Nov 2025 05:02:44 GMT" skipped="0">
  <testcase classname="com.webcrm.System.Test.System_Tests" name="createAndEditActivityTest" time="20.971"/>
  <testcase classname="com.webcrm.System.Test.System_Tests" name="createAndDeleteOpportunityTest" time="31.381"/>
  <testcase classname="com.webcrm.System.Test.System_Tests" name="createAndDeleteOrganizationTest" time="128.443"/>
</testsuite> <!-- com.webcrm.System.Test.System_Tests -->
