<?xml version="1.0" encoding="UTF-8"?>
<!-- Generated by org.testng.reporters.JUnitReportReporter -->
<testsuite hostname="LAPTOP-2MVUU57T" failures="0" tests="3" name="com.webcrm.Integration.Test.Integration_Tests" time="78.230" errors="0" timestamp="03 Nov 2025 05:02:44 GMT" skipped="0">
  <testcase classname="com.webcrm.Integration.Test.Integration_Tests" name="organizationDeleteSupportTicketLink" time="25.116"/>
  <testcase classname="com.webcrm.Integration.Test.Integration_Tests" name="organizationOpportunityLink" time="25.434"/>
  <testcase classname="com.webcrm.Integration.Test.Integration_Tests" name="activitySupportLink" time="27.680"/>
</testsuite> <!-- com.webcrm.Integration.Test.Integration_Tests -->
