<?xml version="1.0" encoding="UTF-8"?>
<!-- Generated by org.testng.reporters.JUnitReportReporter -->
<testsuite hostname="LAPTOP-2MVUU57T" failures="0" tests="3" name="com.webcrm.Smoke.Test.Smoke_Tests" time="161.151" errors="0" timestamp="03 Nov 2025 05:02:44 GMT" skipped="0">
  <testcase classname="com.webcrm.Smoke.Test.Smoke_Tests" name="createOrganisationTest" time="9.315"/>
  <testcase classname="com.webcrm.Smoke.Test.Smoke_Tests" name="deleteOrganisationTest" time="130.734"/>
  <testcase classname="com.webcrm.Smoke.Test.Smoke_Tests" name="createSupportTicketWithExistingOrganizationTest" time="21.102"/>
</testsuite> <!-- com.webcrm.Smoke.Test.Smoke_Tests -->
